
  You can now view your Streamlit app in your browser.

  Local URL: http://localhost:8501
  Network URL: http://192.168.1.27:8501
  External URL: http://195.16.79.233:8501

2026-03-25 22:37:42.600 | INFO     | src.services.database:init_db:121 - Базу даних ініціалізовано
[LOG] Switching from home to history. Clearing memory...
[LOG] Memory cleared.
[LOG] Switching from history to training. Clearing memory...
[LOG] Memory cleared.
[LOG] Switching from training to scanning. Clearing memory...
[LOG] Memory cleared.
[LOG] Loading file: E:\IDS_ML_Analyzer\datasets\User_Uploads\02-15-2018.csv
[LOG] Starting Unified Pipeline...
[LOG] Detected Dataset Type: CIC-IDS
[LOG] Pipeline Complete. Output shape: (3000, 80)
[Preprocessor] 22 columns filled with 0: ['Subflow Bwd Bytes', 'Packet Length Mean', 'Src Port', 'Fwd PSH Flags', 'act_data_pkt_fwd']...
[LOG] Scanning: Loading file 02-15-2018.csv...
[DIAGNOSTIC] Loaded model: ids_model_random_forest_194247_25032026.joblib
[DIAGNOSTIC] Model type: <class 'src.core.two_stage_model.TwoStageModel'>
[DIAGNOSTIC] Algorithm: Random Forest
[DIAGNOSTIC] Model attributes: ['attack_idx_', 'benign_code_', 'binary_classes_', 'binary_downsample', 'binary_model', 'binary_sampling_info_', 'binary_target_attack_rate', 'binary_threshold', 'classes_', 'fit']
[DIAGNOSTIC] Model has predict method: Yes
[LOG] Loading file: E:\IDS_ML_Analyzer\datasets\User_Uploads\02-15-2018.csv
[LOG] Starting Unified Pipeline...
[LOG] Detected Dataset Type: CIC-IDS
[LOG] Pipeline Complete. Output shape: (250000, 81)
[Preprocessor] 22 columns filled with 0: ['Subflow Bwd Bytes', 'Packet Length Mean', 'Src Port', 'Fwd PSH Flags', 'act_data_pkt_fwd']...
[LOG] Preprocessed features: (250000, 99)
[LOG] Scanning: Predicting...
[LOG] Prediction finished. Found 6414 anomalies (raw)
[LOG] Raw predictions (first 20): [0 0 0 0 0 0 0 0 0 0 0 0 0 0 0 0 0 0 0 0]
[LOG] Unique predictions: (array([ 0,  8, 13]), array([243586,   4830,   1584]))
[LOG] Decoded predictions (first 20): ['BENIGN' 'BENIGN' 'BENIGN' 'BENIGN' 'BENIGN' 'BENIGN' 'BENIGN' 'BENIGN'
 'BENIGN' 'BENIGN' 'BENIGN' 'BENIGN' 'BENIGN' 'BENIGN' 'BENIGN' 'BENIGN'
 'BENIGN' 'BENIGN' 'BENIGN' 'BENIGN']
